[22:05:38] [Server thread/INFO]: Starting minecraft server version 1.8.9
[22:05:39] [Server thread/INFO]: Loading properties
[22:05:39] [Server thread/INFO]: Default game type: SURVIVAL
[22:05:39] [Server thread/INFO]: Generating keypair
[22:05:39] [Server thread/INFO]: Starting Minecraft server on *:25565
[22:05:39] [Server thread/INFO]: Using epoll channel type
[22:05:40] [Server thread/WARN]: **** SERVER IS RUNNING IN OFFLINE/INSECURE MODE!
[22:05:40] [Server thread/WARN]: The server will make no attempt to authenticate usernames. Beware.
[22:05:40] [Server thread/WARN]: While this makes the game possible to play without internet access, it also opens up the ability for hackers to connect with any username they choose.
[22:05:40] [Server thread/WARN]: To change this, set "online-mode" to "true" in the server.properties file.
[22:05:40] [Server thread/WARN]: Failed to load user banlist: 
java.io.FileNotFoundException: banned-players.json (No such file or directory)
	at java.io.FileInputStream.open0(Native Method) ~[?:1.8.0_432]
	at java.io.FileInputStream.open(FileInputStream.java:195) ~[?:1.8.0_432]
	at java.io.FileInputStream.<init>(FileInputStream.java:138) ~[?:1.8.0_432]
	at com.google.common.io.Files.newReader(Files.java:86) ~[minecraft_server.1.8.9.jar:?]
	at net.minecraft.server.management.UserList.func_152679_g(SourceFile:124) ~[mb.class:?]
	at net.minecraft.server.dedicated.DedicatedPlayerList.func_152620_y(SourceFile:99) [kn.class:?]
	at net.minecraft.server.dedicated.DedicatedPlayerList.<init>(SourceFile:25) [kn.class:?]
	at net.minecraft.server.dedicated.DedicatedServer.func_71197_b(DedicatedServer.java:206) [ko.class:?]
	at net.minecraft.server.MinecraftServer.run(MinecraftServer.java:441) [MinecraftServer.class:?]
	at java.lang.Thread.run(Thread.java:750) [?:1.8.0_432]
[22:05:40] [Server thread/WARN]: Failed to load ip banlist: 
java.io.FileNotFoundException: banned-ips.json (No such file or directory)
	at java.io.FileInputStream.open0(Native Method) ~[?:1.8.0_432]
	at java.io.FileInputStream.open(FileInputStream.java:195) ~[?:1.8.0_432]
	at java.io.FileInputStream.<init>(FileInputStream.java:138) ~[?:1.8.0_432]
	at com.google.common.io.Files.newReader(Files.java:86) ~[minecraft_server.1.8.9.jar:?]
	at net.minecraft.server.management.UserList.func_152679_g(SourceFile:124) ~[mb.class:?]
	at net.minecraft.server.dedicated.DedicatedPlayerList.func_152619_x(SourceFile:91) [kn.class:?]
	at net.minecraft.server.dedicated.DedicatedPlayerList.<init>(SourceFile:27) [kn.class:?]
	at net.minecraft.server.dedicated.DedicatedServer.func_71197_b(DedicatedServer.java:206) [ko.class:?]
	at net.minecraft.server.MinecraftServer.run(MinecraftServer.java:441) [MinecraftServer.class:?]
	at java.lang.Thread.run(Thread.java:750) [?:1.8.0_432]
[22:05:40] [Server thread/WARN]: Failed to load operators list: 
java.io.FileNotFoundException: ops.json (No such file or directory)
	at java.io.FileInputStream.open0(Native Method) ~[?:1.8.0_432]
	at java.io.FileInputStream.open(FileInputStream.java:195) ~[?:1.8.0_432]
	at java.io.FileInputStream.<init>(FileInputStream.java:138) ~[?:1.8.0_432]
	at com.google.common.io.Files.newReader(Files.java:86) ~[minecraft_server.1.8.9.jar:?]
	at net.minecraft.server.management.UserList.func_152679_g(SourceFile:124) ~[mb.class:?]
	at net.minecraft.server.dedicated.DedicatedPlayerList.func_72417_t(SourceFile:107) [kn.class:?]
	at net.minecraft.server.dedicated.DedicatedPlayerList.<init>(SourceFile:29) [kn.class:?]
	at net.minecraft.server.dedicated.DedicatedServer.func_71197_b(DedicatedServer.java:206) [ko.class:?]
	at net.minecraft.server.MinecraftServer.run(MinecraftServer.java:441) [MinecraftServer.class:?]
	at java.lang.Thread.run(Thread.java:750) [?:1.8.0_432]
[22:05:40] [Server thread/WARN]: Failed to load white-list: 
java.io.FileNotFoundException: whitelist.json (No such file or directory)
	at java.io.FileInputStream.open0(Native Method) ~[?:1.8.0_432]
	at java.io.FileInputStream.open(FileInputStream.java:195) ~[?:1.8.0_432]
	at java.io.FileInputStream.<init>(FileInputStream.java:138) ~[?:1.8.0_432]
	at com.google.common.io.Files.newReader(Files.java:86) ~[minecraft_server.1.8.9.jar:?]
	at net.minecraft.server.management.UserList.func_152679_g(SourceFile:124) ~[mb.class:?]
	at net.minecraft.server.dedicated.DedicatedPlayerList.func_72418_v(SourceFile:123) [kn.class:?]
	at net.minecraft.server.dedicated.DedicatedPlayerList.<init>(SourceFile:30) [kn.class:?]
	at net.minecraft.server.dedicated.DedicatedServer.func_71197_b(DedicatedServer.java:206) [ko.class:?]
	at net.minecraft.server.MinecraftServer.run(MinecraftServer.java:441) [MinecraftServer.class:?]
	at java.lang.Thread.run(Thread.java:750) [?:1.8.0_432]
[22:05:40] [Server thread/INFO]: Preparing level "world"
[22:05:41] [Server thread/INFO]: Preparing start region for level 0
[22:05:42] [Server thread/INFO]: Preparing spawn area: 4%
[22:05:43] [Server thread/INFO]: Preparing spawn area: 7%
[22:05:44] [Server thread/INFO]: Preparing spawn area: 15%
[22:05:45] [Server thread/INFO]: Preparing spawn area: 24%
[22:05:46] [Server thread/INFO]: Preparing spawn area: 34%
[22:05:47] [Server thread/INFO]: Preparing spawn area: 43%
[22:05:48] [Server thread/INFO]: Preparing spawn area: 53%
[22:05:49] [Server thread/INFO]: Preparing spawn area: 65%
[22:05:50] [Server thread/INFO]: Preparing spawn area: 78%
[22:05:51] [Server thread/INFO]: Preparing spawn area: 91%
[22:05:51] [Server thread/INFO]: Done (11.235s)! For help, type "help" or "?"
[22:06:22] [Server thread/INFO]: --- Showing help page 1 of 9 (/help <page>) ---
[22:06:22] [Server thread/INFO]: /achievement <give|take> <stat_name|*> [player]
[22:06:22] [Server thread/INFO]: /ban <name> [reason ...]
[22:06:22] [Server thread/INFO]: /ban-ip <address|name> [reason ...]
[22:06:22] [Server thread/INFO]: /banlist [ips|players]
[22:06:22] [Server thread/INFO]: /blockdata <x> <y> <z> <dataTag>
[22:06:22] [Server thread/INFO]: /clear [player] [item] [data] [maxCount] [dataTag]
[22:06:22] [Server thread/INFO]: /clone <x1> <y1> <z1> <x2> <y2> <z2> <x> <y> <z> [maskMode] [cloneMode]
[22:06:38] [Server thread/INFO]: Unknown command. Try /help for a list of commands
[22:10:00] [Server thread/INFO]: Unknown command. Try /help for a list of commands
[22:10:06] [Server thread/INFO]: --- Showing help page 1 of 9 (/help <page>) ---
[22:10:06] [Server thread/INFO]: /achievement <give|take> <stat_name|*> [player]
[22:10:06] [Server thread/INFO]: /ban <name> [reason ...]
[22:10:06] [Server thread/INFO]: /ban-ip <address|name> [reason ...]
[22:10:06] [Server thread/INFO]: /banlist [ips|players]
[22:10:06] [Server thread/INFO]: /blockdata <x> <y> <z> <dataTag>
[22:10:06] [Server thread/INFO]: /clear [player] [item] [data] [maxCount] [dataTag]
[22:10:06] [Server thread/INFO]: /clone <x1> <y1> <z1> <x2> <y2> <z2> <x> <y> <z> [maskMode] [cloneMode]
[22:10:30] [Server thread/INFO]: --- Showing help page 2 of 9 (/help <page>) ---
[22:10:30] [Server thread/INFO]: /debug <start|stop>
[22:10:30] [Server thread/INFO]: /defaultgamemode <mode>
[22:10:30] [Server thread/INFO]: /deop <player>
[22:10:30] [Server thread/INFO]: /difficulty <new difficulty>
[22:10:30] [Server thread/INFO]: /effect <player> <effect> [seconds] [amplifier] [hideParticles] OR /effect <player> clear
[22:10:30] [Server thread/INFO]: /enchant <player> <enchantment ID> [level]
[22:10:30] [Server thread/INFO]: /entitydata <entity> <dataTag>
[22:10:43] [Server thread/INFO]: --- Showing help page 3 of 9 (/help <page>) ---
[22:10:43] [Server thread/INFO]: /execute <entity> <x> <y> <z> <command> OR /execute <entity> <x> <y> <z> detect <x> <y> <z> <block> <data> <command>
[22:10:43] [Server thread/INFO]: /fill <x1> <y1> <z1> <x2> <y2> <z2> <TileName> [dataValue] [oldBlockHandling] [dataTag]
[22:10:43] [Server thread/INFO]: Use /forge <subcommand>. Subcommands are tps, track
[22:10:43] [Server thread/INFO]: /gamemode <mode> [player]
[22:10:43] [Server thread/INFO]: /gamerule <rule name> [value]
[22:10:43] [Server thread/INFO]: /give <player> <item> [amount] [data] [dataTag]
[22:10:43] [Server thread/INFO]: /help [page|command name]
[22:10:59] [Server thread/INFO]: --- Showing help page 9 of 9 (/help <page>) ---
[22:10:59] [Server thread/INFO]: /whitelist <on|off|list|add|remove|reload>
[22:10:59] [Server thread/INFO]: /worldborder <set|center|damage|warning|get|add> ...
[22:10:59] [Server thread/INFO]: /xp <amount> [player] OR /xp <amount>L [player]
[22:11:17] [Server thread/INFO]: --- Showing help page 1 of 9 (/help <page>) ---
[22:11:17] [Server thread/INFO]: /achievement <give|take> <stat_name|*> [player]
[22:11:17] [Server thread/INFO]: /ban <name> [reason ...]
[22:11:17] [Server thread/INFO]: /ban-ip <address|name> [reason ...]
[22:11:17] [Server thread/INFO]: /banlist [ips|players]
[22:11:17] [Server thread/INFO]: /blockdata <x> <y> <z> <dataTag>
[22:11:17] [Server thread/INFO]: /clear [player] [item] [data] [maxCount] [dataTag]
[22:11:17] [Server thread/INFO]: /clone <x1> <y1> <z1> <x2> <y2> <z2> <x> <y> <z> [maskMode] [cloneMode]
[22:11:31] [Server thread/INFO]: Unknown command. Try /help for a list of commands
